=================== ce | clean | seed=42 ===================
[20:25:45] method=ce setting=clean seed=42 dev=cuda params=0.960M noise_est=0.0
[20:25:47] ★ ep00 loss=3.1675 val_acc=0.160 (best=0.160)
[20:25:48] ★ ep01 loss=2.9198 val_acc=0.163 (best=0.163)
[20:25:49] ★ ep02 loss=2.8179 val_acc=0.177 (best=0.177)
[20:25:50] ★ ep03 loss=2.7504 val_acc=0.204 (best=0.204)
[20:25:51]   ep04 loss=2.6730 val_acc=0.176 (best=0.204)
[20:25:52] ★ ep05 loss=2.6315 val_acc=0.220 (best=0.220)
[20:25:53]   ep06 loss=2.5541 val_acc=0.215 (best=0.220)
[20:25:54]   ep07 loss=2.5144 val_acc=0.215 (best=0.220)
[20:25:55]   ep08 loss=2.4546 val_acc=0.205 (best=0.220)
[20:25:56] ★ ep09 loss=2.4153 val_acc=0.247 (best=0.247)
[20:25:57]   ep10 loss=2.3521 val_acc=0.235 (best=0.247)
[20:25:58]   ep11 loss=2.2824 val_acc=0.230 (best=0.247)
[20:25:59] ★ ep12 loss=2.2155 val_acc=0.252 (best=0.252)
[20:26:00]   ep13 loss=2.1735 val_acc=0.226 (best=0.252)
[20:26:01] ★ ep14 loss=2.1171 val_acc=0.266 (best=0.266)
[20:26:02] ★ ep15 loss=2.0363 val_acc=0.268 (best=0.268)
[20:26:03] ★ ep16 loss=1.9602 val_acc=0.271 (best=0.271)
[20:26:04] ★ ep17 loss=1.8938 val_acc=0.289 (best=0.289)
[20:26:05] ★ ep18 loss=1.8295 val_acc=0.294 (best=0.294)
[20:26:06] ★ ep19 loss=1.7799 val_acc=0.327 (best=0.327)
[20:26:07]   ep20 loss=1.6865 val_acc=0.308 (best=0.327)
[20:26:08]   ep21 loss=1.6130 val_acc=0.314 (best=0.327)
[20:26:09] ★ ep22 loss=1.5869 val_acc=0.338 (best=0.338)
[20:26:10]   ep23 loss=1.4590 val_acc=0.338 (best=0.338)
[20:26:11] ★ ep24 loss=1.3972 val_acc=0.358 (best=0.358)
[20:26:12] ★ ep25 loss=1.3453 val_acc=0.378 (best=0.378)
[20:26:13] ★ ep26 loss=1.3007 val_acc=0.380 (best=0.380)
[20:26:14] ★ ep27 loss=1.2249 val_acc=0.388 (best=0.388)
[20:26:15]   ep28 loss=1.1392 val_acc=0.388 (best=0.388)
[20:26:16]   ep29 loss=1.0701 val_acc=0.359 (best=0.388)
[20:26:17] ★ ep30 loss=1.0036 val_acc=0.425 (best=0.425)
[20:26:18]   ep31 loss=0.9024 val_acc=0.398 (best=0.425)
[20:26:19]   ep32 loss=0.8710 val_acc=0.421 (best=0.425)
[20:26:20]   ep33 loss=0.8205 val_acc=0.401 (best=0.425)
[20:26:21] ★ ep34 loss=0.7701 val_acc=0.434 (best=0.434)
[20:26:22]   ep35 loss=0.7231 val_acc=0.430 (best=0.434)
[20:26:23] ★ ep36 loss=0.6983 val_acc=0.453 (best=0.453)
[20:26:24]   ep37 loss=0.6761 val_acc=0.426 (best=0.453)
[20:26:25]   ep38 loss=0.6117 val_acc=0.435 (best=0.453)
[20:26:26]   ep39 loss=0.6035 val_acc=0.448 (best=0.453)
[20:26:26] DONE best_ep=36 val=0.453 | TEST(@best-val)={'accuracy': 0.4873096446700508, 'balanced_accuracy': 0.48862831713661176, 'macro_f1': 0.48181013148326407}
=================== ce | clean | seed=2024 ===================
[20:26:29] method=ce setting=clean seed=2024 dev=cuda params=0.960M noise_est=0.0
[20:26:31] ★ ep00 loss=3.1707 val_acc=0.158 (best=0.158)
[20:26:32] ★ ep01 loss=2.9278 val_acc=0.169 (best=0.169)
[20:26:33] ★ ep02 loss=2.8285 val_acc=0.176 (best=0.176)
[20:26:34] ★ ep03 loss=2.7772 val_acc=0.184 (best=0.184)
[20:26:35]   ep04 loss=2.6828 val_acc=0.184 (best=0.184)
[20:26:36] ★ ep05 loss=2.6256 val_acc=0.192 (best=0.192)
[20:26:37] ★ ep06 loss=2.5536 val_acc=0.216 (best=0.216)
[20:26:38] ★ ep07 loss=2.4916 val_acc=0.234 (best=0.234)
[20:26:39]   ep08 loss=2.4321 val_acc=0.232 (best=0.234)
[20:26:40]   ep09 loss=2.3655 val_acc=0.210 (best=0.234)
[20:26:41] ★ ep10 loss=2.2825 val_acc=0.268 (best=0.268)
[20:26:42]   ep11 loss=2.2322 val_acc=0.263 (best=0.268)
[20:26:43] ★ ep12 loss=2.1400 val_acc=0.286 (best=0.286)
[20:26:44] ★ ep13 loss=2.0474 val_acc=0.296 (best=0.296)
[20:26:45] ★ ep14 loss=1.9821 val_acc=0.304 (best=0.304)
[20:26:46]   ep15 loss=1.8969 val_acc=0.300 (best=0.304)
[20:26:47]   ep16 loss=1.7864 val_acc=0.295 (best=0.304)
[20:26:48] ★ ep17 loss=1.6945 val_acc=0.333 (best=0.333)
[20:26:49]   ep18 loss=1.6597 val_acc=0.328 (best=0.333)
[20:26:50] ★ ep19 loss=1.5274 val_acc=0.377 (best=0.377)
[20:26:51] ★ ep20 loss=1.4759 val_acc=0.380 (best=0.380)
[20:26:52] ★ ep21 loss=1.4071 val_acc=0.382 (best=0.382)
[20:26:53]   ep22 loss=1.3283 val_acc=0.319 (best=0.382)
[20:26:54] ★ ep23 loss=1.2256 val_acc=0.454 (best=0.454)
[20:26:55]   ep24 loss=1.1358 val_acc=0.450 (best=0.454)
[20:26:56]   ep25 loss=1.1272 val_acc=0.399 (best=0.454)
[20:26:57]   ep26 loss=1.1055 val_acc=0.438 (best=0.454)
[20:26:58]   ep27 loss=0.9717 val_acc=0.436 (best=0.454)
[20:26:59]   ep28 loss=0.8846 val_acc=0.426 (best=0.454)
[20:27:00] ★ ep29 loss=0.8078 val_acc=0.461 (best=0.461)
[20:27:01] ★ ep30 loss=0.7495 val_acc=0.472 (best=0.472)
[20:27:02]   ep31 loss=0.7434 val_acc=0.463 (best=0.472)
[20:27:03]   ep32 loss=0.7210 val_acc=0.448 (best=0.472)
[20:27:04] ★ ep33 loss=0.6705 val_acc=0.483 (best=0.483)
[20:27:05]   ep34 loss=0.6296 val_acc=0.454 (best=0.483)
[20:27:06] ★ ep35 loss=0.5455 val_acc=0.489 (best=0.489)
[20:27:07]   ep36 loss=0.5052 val_acc=0.464 (best=0.489)
[20:27:08]   ep37 loss=0.4836 val_acc=0.486 (best=0.489)
[20:27:09]   ep38 loss=0.4185 val_acc=0.480 (best=0.489)
[20:27:10]   ep39 loss=0.4548 val_acc=0.476 (best=0.489)
[20:27:10] DONE best_ep=35 val=0.489 | TEST(@best-val)={'accuracy': 0.5088832487309645, 'balanced_accuracy': 0.5077170120134402, 'macro_f1': 0.49516770236803564}
=================== ce | clean | seed=2026 ===================
[20:27:13] method=ce setting=clean seed=2026 dev=cuda params=0.960M noise_est=0.0
[20:27:15] ★ ep00 loss=3.1817 val_acc=0.126 (best=0.126)
[20:27:16] ★ ep01 loss=2.9460 val_acc=0.146 (best=0.146)
[20:27:17] ★ ep02 loss=2.8449 val_acc=0.181 (best=0.181)
[20:27:18]   ep03 loss=2.7832 val_acc=0.170 (best=0.181)
[20:27:19] ★ ep04 loss=2.7118 val_acc=0.195 (best=0.195)
[20:27:20] ★ ep05 loss=2.6633 val_acc=0.202 (best=0.202)
[20:27:21]   ep06 loss=2.6004 val_acc=0.192 (best=0.202)
[20:27:22] ★ ep07 loss=2.5494 val_acc=0.206 (best=0.206)
[20:27:23]   ep08 loss=2.4947 val_acc=0.202 (best=0.206)
[20:27:24] ★ ep09 loss=2.4469 val_acc=0.243 (best=0.243)
[20:27:25] ★ ep10 loss=2.3850 val_acc=0.252 (best=0.252)
[20:27:26] ★ ep11 loss=2.3128 val_acc=0.256 (best=0.256)
[20:27:27] ★ ep12 loss=2.2497 val_acc=0.258 (best=0.258)
[20:27:28] ★ ep13 loss=2.1946 val_acc=0.291 (best=0.291)
[20:27:29]   ep14 loss=2.0906 val_acc=0.257 (best=0.291)
[20:27:30]   ep15 loss=2.0286 val_acc=0.272 (best=0.291)
[20:27:31] ★ ep16 loss=1.9635 val_acc=0.304 (best=0.304)
[20:27:32] ★ ep17 loss=1.8513 val_acc=0.305 (best=0.305)
[20:27:33] ★ ep18 loss=1.7968 val_acc=0.317 (best=0.317)
[20:27:34] ★ ep19 loss=1.7028 val_acc=0.332 (best=0.332)
[20:27:35] ★ ep20 loss=1.6244 val_acc=0.338 (best=0.338)
[20:27:36] ★ ep21 loss=1.5595 val_acc=0.370 (best=0.370)
[20:27:37]   ep22 loss=1.4675 val_acc=0.355 (best=0.370)
[20:27:38] ★ ep23 loss=1.3651 val_acc=0.393 (best=0.393)
[20:27:39]   ep24 loss=1.2954 val_acc=0.365 (best=0.393)
[20:27:40] ★ ep25 loss=1.2700 val_acc=0.421 (best=0.421)
[20:27:41]   ep26 loss=1.1734 val_acc=0.417 (best=0.421)
[20:27:42] ★ ep27 loss=1.1065 val_acc=0.443 (best=0.443)
[20:27:43]   ep28 loss=1.0580 val_acc=0.440 (best=0.443)
[20:27:44]   ep29 loss=0.9898 val_acc=0.415 (best=0.443)
[20:27:45] ★ ep30 loss=0.9027 val_acc=0.449 (best=0.449)
[20:27:46] ★ ep31 loss=0.8575 val_acc=0.457 (best=0.457)
[20:27:47] ★ ep32 loss=0.7906 val_acc=0.471 (best=0.471)
[20:27:48]   ep33 loss=0.7205 val_acc=0.453 (best=0.471)
[20:27:49]   ep34 loss=0.6802 val_acc=0.458 (best=0.471)
[20:27:50] ★ ep35 loss=0.6074 val_acc=0.485 (best=0.485)
[20:27:51]   ep36 loss=0.5570 val_acc=0.475 (best=0.485)
[20:27:52] ★ ep37 loss=0.5790 val_acc=0.489 (best=0.489)
[20:27:53] ★ ep38 loss=0.5396 val_acc=0.504 (best=0.504)
[20:27:54]   ep39 loss=0.4804 val_acc=0.478 (best=0.504)
[20:27:54] DONE best_ep=38 val=0.504 | TEST(@best-val)={'accuracy': 0.5203045685279187, 'balanced_accuracy': 0.5164657879802133, 'macro_f1': 0.5106881526462342}
=================== ce | noise20 | seed=42 ===================
[20:27:57] method=ce setting=noise20 seed=42 dev=cuda params=0.960M noise_est=0.2
[20:28:00] ★ ep00 loss=3.3449 val_acc=0.120 (best=0.120)
[20:28:00] ★ ep01 loss=3.1987 val_acc=0.153 (best=0.153)
[20:28:01]   ep02 loss=3.1357 val_acc=0.153 (best=0.153)
[20:28:02] ★ ep03 loss=3.0797 val_acc=0.163 (best=0.163)
[20:28:03] ★ ep04 loss=3.0412 val_acc=0.176 (best=0.176)
[20:28:05] ★ ep05 loss=3.0048 val_acc=0.182 (best=0.182)
[20:28:06]   ep06 loss=2.9628 val_acc=0.173 (best=0.182)
[20:28:07] ★ ep07 loss=2.9338 val_acc=0.200 (best=0.200)
[20:28:08]   ep08 loss=2.9062 val_acc=0.190 (best=0.200)
[20:28:09] ★ ep09 loss=2.8854 val_acc=0.202 (best=0.202)
[20:28:10] ★ ep10 loss=2.8446 val_acc=0.229 (best=0.229)
[20:28:11]   ep11 loss=2.8085 val_acc=0.201 (best=0.229)
[20:28:12]   ep12 loss=2.7661 val_acc=0.209 (best=0.229)
[20:28:13]   ep13 loss=2.7374 val_acc=0.219 (best=0.229)
[20:28:14]   ep14 loss=2.7049 val_acc=0.223 (best=0.229)
[20:28:14]   ep15 loss=2.6592 val_acc=0.215 (best=0.229)
[20:28:15]   ep16 loss=2.6184 val_acc=0.215 (best=0.229)
[20:28:16] ★ ep17 loss=2.5884 val_acc=0.237 (best=0.237)
[20:28:17]   ep18 loss=2.5300 val_acc=0.230 (best=0.237)
[20:28:18] ★ ep19 loss=2.4941 val_acc=0.252 (best=0.252)
[20:28:19]   ep20 loss=2.4413 val_acc=0.234 (best=0.252)
[20:28:20]   ep21 loss=2.3622 val_acc=0.233 (best=0.252)
[20:28:21]   ep22 loss=2.3447 val_acc=0.220 (best=0.252)
[20:28:23] ★ ep23 loss=2.2690 val_acc=0.253 (best=0.253)
[20:28:24]   ep24 loss=2.2285 val_acc=0.233 (best=0.253)
[20:28:24]   ep25 loss=2.1968 val_acc=0.204 (best=0.253)
[20:28:25] ★ ep26 loss=2.1269 val_acc=0.260 (best=0.260)
[20:28:26]   ep27 loss=2.0438 val_acc=0.258 (best=0.260)
[20:28:27] ★ ep28 loss=2.0075 val_acc=0.261 (best=0.261)
[20:28:28]   ep29 loss=1.9653 val_acc=0.239 (best=0.261)
[20:28:29] ★ ep30 loss=1.8879 val_acc=0.266 (best=0.266)
[20:28:30]   ep31 loss=1.7981 val_acc=0.233 (best=0.266)
[20:28:31] ★ ep32 loss=1.7335 val_acc=0.267 (best=0.267)
[20:28:32]   ep33 loss=1.6786 val_acc=0.260 (best=0.267)
[20:28:33]   ep34 loss=1.6368 val_acc=0.243 (best=0.267)
[20:28:34] ★ ep35 loss=1.5695 val_acc=0.275 (best=0.275)
[20:28:35]   ep36 loss=1.5139 val_acc=0.234 (best=0.275)
[20:28:36]   ep37 loss=1.5201 val_acc=0.256 (best=0.275)
[20:28:37]   ep38 loss=1.3602 val_acc=0.254 (best=0.275)
[20:28:38]   ep39 loss=1.3127 val_acc=0.257 (best=0.275)
[20:28:38] DONE best_ep=35 val=0.275 | TEST(@best-val)={'accuracy': 0.26903553299492383, 'balanced_accuracy': 0.27151711591265437, 'macro_f1': 0.2615367161825861}
=================== ce | noise20 | seed=2024 ===================
[20:28:42] method=ce setting=noise20 seed=2024 dev=cuda params=0.960M noise_est=0.2
[20:28:44] ★ ep00 loss=3.3539 val_acc=0.130 (best=0.130)
[20:28:45] ★ ep01 loss=3.2036 val_acc=0.153 (best=0.153)
[20:28:46] ★ ep02 loss=3.1467 val_acc=0.163 (best=0.163)
[20:28:47] ★ ep03 loss=3.1053 val_acc=0.165 (best=0.165)
[20:28:48]   ep04 loss=3.0458 val_acc=0.165 (best=0.165)
[20:28:49] ★ ep05 loss=3.0165 val_acc=0.168 (best=0.168)
[20:28:50] ★ ep06 loss=2.9804 val_acc=0.188 (best=0.188)
[20:28:51]   ep07 loss=2.9418 val_acc=0.183 (best=0.188)
[20:28:52] ★ ep08 loss=2.9191 val_acc=0.190 (best=0.190)
[20:28:53] ★ ep09 loss=2.8889 val_acc=0.211 (best=0.211)
[20:28:54]   ep10 loss=2.8411 val_acc=0.192 (best=0.211)
[20:28:55] ★ ep11 loss=2.8127 val_acc=0.215 (best=0.215)
[20:28:56] ★ ep12 loss=2.7723 val_acc=0.218 (best=0.218)
[20:28:57]   ep13 loss=2.7296 val_acc=0.202 (best=0.218)
[20:28:58] ★ ep14 loss=2.6976 val_acc=0.234 (best=0.234)
[20:28:59]   ep15 loss=2.6473 val_acc=0.218 (best=0.234)
[20:29:00]   ep16 loss=2.6050 val_acc=0.234 (best=0.234)
[20:29:01] ★ ep17 loss=2.5562 val_acc=0.248 (best=0.248)
[20:29:02]   ep18 loss=2.5226 val_acc=0.224 (best=0.248)
[20:29:03]   ep19 loss=2.4601 val_acc=0.239 (best=0.248)
[20:29:04]   ep20 loss=2.4031 val_acc=0.248 (best=0.248)
[20:29:05]   ep21 loss=2.3578 val_acc=0.238 (best=0.248)
[20:29:06] ★ ep22 loss=2.3023 val_acc=0.262 (best=0.262)
[20:29:07]   ep23 loss=2.2444 val_acc=0.237 (best=0.262)
[20:29:08]   ep24 loss=2.2004 val_acc=0.247 (best=0.262)
[20:29:09] ★ ep25 loss=2.1354 val_acc=0.265 (best=0.265)
[20:29:10] ★ ep26 loss=2.1064 val_acc=0.277 (best=0.277)
[20:29:11]   ep27 loss=2.0445 val_acc=0.265 (best=0.277)
[20:29:12]   ep28 loss=1.9348 val_acc=0.263 (best=0.277)
[20:29:13]   ep29 loss=1.9066 val_acc=0.270 (best=0.277)
[20:29:14] ★ ep30 loss=1.8285 val_acc=0.284 (best=0.284)
[20:29:15]   ep31 loss=1.7763 val_acc=0.270 (best=0.284)
[20:29:16] ★ ep32 loss=1.6998 val_acc=0.296 (best=0.296)
[20:29:17]   ep33 loss=1.6090 val_acc=0.262 (best=0.296)
[20:29:18]   ep34 loss=1.5728 val_acc=0.274 (best=0.296)
[20:29:18]   ep35 loss=1.5162 val_acc=0.277 (best=0.296)
[20:29:19]   ep36 loss=1.4367 val_acc=0.286 (best=0.296)
[20:29:20]   ep37 loss=1.3954 val_acc=0.281 (best=0.296)
[20:29:21]   ep38 loss=1.3270 val_acc=0.286 (best=0.296)
[20:29:22]   ep39 loss=1.2882 val_acc=0.284 (best=0.296)
[20:29:22] DONE best_ep=32 val=0.296 | TEST(@best-val)={'accuracy': 0.25761421319796957, 'balanced_accuracy': 0.256383751004979, 'macro_f1': 0.24545827178420107}
=================== ce | noise20 | seed=2026 ===================
[20:29:26] method=ce setting=noise20 seed=2026 dev=cuda params=0.960M noise_est=0.2
[20:29:28] ★ ep00 loss=3.3665 val_acc=0.123 (best=0.123)
[20:29:29] ★ ep01 loss=3.1946 val_acc=0.132 (best=0.132)
[20:29:30] ★ ep02 loss=3.1359 val_acc=0.155 (best=0.155)
[20:29:31] ★ ep03 loss=3.0941 val_acc=0.176 (best=0.176)
[20:29:32] ★ ep04 loss=3.0450 val_acc=0.186 (best=0.186)
[20:29:33] ★ ep05 loss=3.0126 val_acc=0.195 (best=0.195)
[20:29:34]   ep06 loss=2.9814 val_acc=0.182 (best=0.195)
[20:29:35] ★ ep07 loss=2.9408 val_acc=0.212 (best=0.212)
[20:29:36]   ep08 loss=2.9044 val_acc=0.197 (best=0.212)
[20:29:37]   ep09 loss=2.8729 val_acc=0.209 (best=0.212)
[20:29:38] ★ ep10 loss=2.8524 val_acc=0.223 (best=0.223)
[20:29:39]   ep11 loss=2.8188 val_acc=0.218 (best=0.223)
[20:29:40]   ep12 loss=2.7706 val_acc=0.188 (best=0.223)
[20:29:41] ★ ep13 loss=2.7613 val_acc=0.228 (best=0.228)
[20:29:42]   ep14 loss=2.6997 val_acc=0.211 (best=0.228)
[20:29:43]   ep15 loss=2.6681 val_acc=0.223 (best=0.228)
[20:29:44]   ep16 loss=2.6312 val_acc=0.214 (best=0.228)
[20:29:45]   ep17 loss=2.5783 val_acc=0.214 (best=0.228)
[20:29:46] ★ ep18 loss=2.5690 val_acc=0.247 (best=0.247)
[20:29:47]   ep19 loss=2.5259 val_acc=0.219 (best=0.247)
[20:29:48]   ep20 loss=2.4740 val_acc=0.247 (best=0.247)
[20:29:49]   ep21 loss=2.4042 val_acc=0.242 (best=0.247)
[20:29:50]   ep22 loss=2.3497 val_acc=0.229 (best=0.247)
[20:29:51]   ep23 loss=2.3122 val_acc=0.242 (best=0.247)
[20:29:52]   ep24 loss=2.2438 val_acc=0.237 (best=0.247)
[20:29:53] ★ ep25 loss=2.1847 val_acc=0.254 (best=0.254)
[20:29:54]   ep26 loss=2.1316 val_acc=0.234 (best=0.254)
[20:29:55]   ep27 loss=2.0924 val_acc=0.252 (best=0.254)
[20:29:56] ★ ep28 loss=2.0452 val_acc=0.258 (best=0.258)
[20:29:57]   ep29 loss=1.9618 val_acc=0.256 (best=0.258)
[20:29:58] ★ ep30 loss=1.8896 val_acc=0.266 (best=0.266)
[20:29:59]   ep31 loss=1.8381 val_acc=0.265 (best=0.266)
[20:30:00]   ep32 loss=1.7758 val_acc=0.238 (best=0.266)
[20:30:01]   ep33 loss=1.7017 val_acc=0.260 (best=0.266)
[20:30:02] ★ ep34 loss=1.6112 val_acc=0.275 (best=0.275)
[20:30:03]   ep35 loss=1.5812 val_acc=0.256 (best=0.275)
[20:30:04]   ep36 loss=1.4982 val_acc=0.268 (best=0.275)
[20:30:05]   ep37 loss=1.4697 val_acc=0.267 (best=0.275)
[20:30:06] ★ ep38 loss=1.3885 val_acc=0.277 (best=0.277)
[20:30:07]   ep39 loss=1.3244 val_acc=0.257 (best=0.277)
[20:30:07] DONE best_ep=38 val=0.277 | TEST(@best-val)={'accuracy': 0.25761421319796957, 'balanced_accuracy': 0.26319455296500965, 'macro_f1': 0.25394654156788915}
=================== ce | noise40 | seed=42 ===================
[20:30:10] method=ce setting=noise40 seed=42 dev=cuda params=0.960M noise_est=0.4
[20:30:13] ★ ep00 loss=3.4787 val_acc=0.104 (best=0.104)
[20:30:14] ★ ep01 loss=3.3731 val_acc=0.137 (best=0.137)
[20:30:15]   ep02 loss=3.3320 val_acc=0.121 (best=0.137)
[20:30:16]   ep03 loss=3.3053 val_acc=0.132 (best=0.137)
[20:30:17] ★ ep04 loss=3.2708 val_acc=0.159 (best=0.159)
[20:30:18] ★ ep05 loss=3.2493 val_acc=0.160 (best=0.160)
[20:30:19] ★ ep06 loss=3.2229 val_acc=0.162 (best=0.162)
[20:30:20] ★ ep07 loss=3.1960 val_acc=0.167 (best=0.167)
[20:30:21] ★ ep08 loss=3.1838 val_acc=0.184 (best=0.184)
[20:30:22]   ep09 loss=3.1525 val_acc=0.172 (best=0.184)
[20:30:23]   ep10 loss=3.1313 val_acc=0.167 (best=0.184)
[20:30:24]   ep11 loss=3.1153 val_acc=0.172 (best=0.184)
[20:30:25]   ep12 loss=3.0834 val_acc=0.177 (best=0.184)
[20:30:26] ★ ep13 loss=3.0588 val_acc=0.191 (best=0.191)
[20:30:27]   ep14 loss=3.0240 val_acc=0.179 (best=0.191)
[20:30:28] ★ ep15 loss=3.0083 val_acc=0.192 (best=0.192)
[20:30:29]   ep16 loss=2.9690 val_acc=0.177 (best=0.192)
[20:30:30]   ep17 loss=2.9323 val_acc=0.186 (best=0.192)
[20:30:31]   ep18 loss=2.9178 val_acc=0.168 (best=0.192)
[20:30:32]   ep19 loss=2.8679 val_acc=0.181 (best=0.192)
[20:30:33]   ep20 loss=2.8356 val_acc=0.186 (best=0.192)
[20:30:33]   ep21 loss=2.7747 val_acc=0.169 (best=0.192)
[20:30:34]   ep22 loss=2.7688 val_acc=0.158 (best=0.192)
[20:30:36]   ep23 loss=2.6975 val_acc=0.184 (best=0.192)
[20:30:37] ★ ep24 loss=2.6589 val_acc=0.198 (best=0.198)
[20:30:38]   ep25 loss=2.6238 val_acc=0.176 (best=0.198)
[20:30:39]   ep26 loss=2.5524 val_acc=0.168 (best=0.198)
[20:30:40]   ep27 loss=2.4796 val_acc=0.183 (best=0.198)
[20:30:41]   ep28 loss=2.4029 val_acc=0.181 (best=0.198)
[20:30:41]   ep29 loss=2.3724 val_acc=0.167 (best=0.198)
[20:30:42]   ep30 loss=2.2933 val_acc=0.192 (best=0.198)
[20:30:43]   ep31 loss=2.2301 val_acc=0.179 (best=0.198)
[20:30:44]   ep32 loss=2.1698 val_acc=0.184 (best=0.198)
[20:30:45]   ep33 loss=2.0720 val_acc=0.174 (best=0.198)
[20:30:46]   ep34 loss=2.0533 val_acc=0.186 (best=0.198)
[20:30:47]   ep35 loss=1.9667 val_acc=0.190 (best=0.198)
[20:30:48]   ep36 loss=1.9302 val_acc=0.164 (best=0.198)
[20:30:49]   ep37 loss=1.8682 val_acc=0.195 (best=0.198)
[20:30:50]   ep38 loss=1.7590 val_acc=0.170 (best=0.198)
[20:30:51]   ep39 loss=1.7055 val_acc=0.188 (best=0.198)
[20:30:51] DONE best_ep=24 val=0.198 | TEST(@best-val)={'accuracy': 0.1649746192893401, 'balanced_accuracy': 0.16745607511657912, 'macro_f1': 0.1507839234571548}
=================== ce | noise40 | seed=2024 ===================
[20:30:55] method=ce setting=noise40 seed=2024 dev=cuda params=0.960M noise_est=0.4
[20:30:57] ★ ep00 loss=3.4761 val_acc=0.102 (best=0.102)
[20:30:58] ★ ep01 loss=3.3756 val_acc=0.112 (best=0.112)
[20:30:59] ★ ep02 loss=3.3396 val_acc=0.149 (best=0.149)
[20:31:00]   ep03 loss=3.3113 val_acc=0.141 (best=0.149)
[20:31:01]   ep04 loss=3.2815 val_acc=0.144 (best=0.149)
[20:31:02] ★ ep05 loss=3.2593 val_acc=0.188 (best=0.188)
[20:31:03]   ep06 loss=3.2304 val_acc=0.167 (best=0.188)
[20:31:04]   ep07 loss=3.2097 val_acc=0.134 (best=0.188)
[20:31:05]   ep08 loss=3.1977 val_acc=0.148 (best=0.188)
[20:31:06]   ep09 loss=3.1691 val_acc=0.178 (best=0.188)
[20:31:07]   ep10 loss=3.1431 val_acc=0.170 (best=0.188)
[20:31:08] ★ ep11 loss=3.1329 val_acc=0.202 (best=0.202)
[20:31:09]   ep12 loss=3.0976 val_acc=0.168 (best=0.202)
[20:31:10]   ep13 loss=3.0744 val_acc=0.181 (best=0.202)
[20:31:11]   ep14 loss=3.0528 val_acc=0.176 (best=0.202)
[20:31:12]   ep15 loss=3.0220 val_acc=0.195 (best=0.202)
[20:31:13]   ep16 loss=2.9922 val_acc=0.193 (best=0.202)
[20:31:14]   ep17 loss=2.9647 val_acc=0.192 (best=0.202)
[20:31:15]   ep18 loss=2.9389 val_acc=0.201 (best=0.202)
[20:31:16]   ep19 loss=2.8996 val_acc=0.195 (best=0.202)
[20:31:17] ★ ep20 loss=2.8618 val_acc=0.209 (best=0.209)
[20:31:18]   ep21 loss=2.8236 val_acc=0.174 (best=0.209)
[20:31:18]   ep22 loss=2.7828 val_acc=0.162 (best=0.209)
[20:31:20]   ep23 loss=2.7502 val_acc=0.179 (best=0.209)
[20:31:21] ★ ep24 loss=2.7090 val_acc=0.211 (best=0.211)
[20:31:22]   ep25 loss=2.6425 val_acc=0.187 (best=0.211)
[20:31:23]   ep26 loss=2.6040 val_acc=0.198 (best=0.211)
[20:31:24]   ep27 loss=2.5459 val_acc=0.192 (best=0.211)
[20:31:24]   ep28 loss=2.4790 val_acc=0.197 (best=0.211)
[20:31:25]   ep29 loss=2.4017 val_acc=0.170 (best=0.211)
[20:31:26]   ep30 loss=2.3681 val_acc=0.201 (best=0.211)
[20:31:27]   ep31 loss=2.2873 val_acc=0.178 (best=0.211)
[20:31:28]   ep32 loss=2.2283 val_acc=0.202 (best=0.211)
[20:31:29]   ep33 loss=2.1529 val_acc=0.206 (best=0.211)
[20:31:30]   ep34 loss=2.0982 val_acc=0.184 (best=0.211)
[20:31:31]   ep35 loss=2.0120 val_acc=0.205 (best=0.211)
[20:31:32]   ep36 loss=1.9678 val_acc=0.195 (best=0.211)
[20:31:33] ★ ep37 loss=1.8740 val_acc=0.248 (best=0.248)
[20:31:34]   ep38 loss=1.8166 val_acc=0.187 (best=0.248)
[20:31:35]   ep39 loss=1.7527 val_acc=0.174 (best=0.248)
[20:31:35] DONE best_ep=37 val=0.248 | TEST(@best-val)={'accuracy': 0.1967005076142132, 'balanced_accuracy': 0.1997524109363395, 'macro_f1': 0.18855192328302559}
=================== ce | noise40 | seed=2026 ===================
[20:31:39] method=ce setting=noise40 seed=2026 dev=cuda params=0.960M noise_est=0.4
[20:31:41] ★ ep00 loss=3.4910 val_acc=0.117 (best=0.117)
[20:31:42]   ep01 loss=3.3809 val_acc=0.109 (best=0.117)
[20:31:43] ★ ep02 loss=3.3499 val_acc=0.131 (best=0.131)
[20:31:44] ★ ep03 loss=3.3196 val_acc=0.154 (best=0.154)
[20:31:45]   ep04 loss=3.2938 val_acc=0.139 (best=0.154)
[20:31:46] ★ ep05 loss=3.2688 val_acc=0.160 (best=0.160)
[20:31:47]   ep06 loss=3.2430 val_acc=0.132 (best=0.160)
[20:31:48] ★ ep07 loss=3.2252 val_acc=0.170 (best=0.170)
[20:31:49]   ep08 loss=3.2112 val_acc=0.168 (best=0.170)
[20:31:50] ★ ep09 loss=3.1801 val_acc=0.210 (best=0.210)
[20:31:51]   ep10 loss=3.1684 val_acc=0.183 (best=0.210)
[20:31:52]   ep11 loss=3.1403 val_acc=0.188 (best=0.210)
[20:31:53]   ep12 loss=3.1075 val_acc=0.195 (best=0.210)
[20:31:54]   ep13 loss=3.0942 val_acc=0.191 (best=0.210)
[20:31:55]   ep14 loss=3.0648 val_acc=0.207 (best=0.210)
[20:31:56]   ep15 loss=3.0393 val_acc=0.197 (best=0.210)
[20:31:57]   ep16 loss=3.0070 val_acc=0.196 (best=0.210)
[20:31:58]   ep17 loss=2.9767 val_acc=0.188 (best=0.210)
[20:31:59]   ep18 loss=2.9564 val_acc=0.181 (best=0.210)
[20:32:00]   ep19 loss=2.9260 val_acc=0.204 (best=0.210)
[20:32:01]   ep20 loss=2.8898 val_acc=0.187 (best=0.210)
[20:32:02]   ep21 loss=2.8500 val_acc=0.186 (best=0.210)
[20:32:03]   ep22 loss=2.8135 val_acc=0.181 (best=0.210)
[20:32:04]   ep23 loss=2.7869 val_acc=0.200 (best=0.210)
[20:32:05]   ep24 loss=2.7320 val_acc=0.190 (best=0.210)
[20:32:06]   ep25 loss=2.7024 val_acc=0.200 (best=0.210)
[20:32:07] ★ ep26 loss=2.6487 val_acc=0.211 (best=0.211)
[20:32:08]   ep27 loss=2.5973 val_acc=0.204 (best=0.211)
[20:32:09]   ep28 loss=2.5456 val_acc=0.187 (best=0.211)
[20:32:10]   ep29 loss=2.4892 val_acc=0.209 (best=0.211)
[20:32:11]   ep30 loss=2.4217 val_acc=0.198 (best=0.211)
[20:32:12]   ep31 loss=2.3545 val_acc=0.164 (best=0.211)
[20:32:13]   ep32 loss=2.3036 val_acc=0.193 (best=0.211)
[20:32:14]   ep33 loss=2.2264 val_acc=0.179 (best=0.211)
[20:32:15]   ep34 loss=2.1652 val_acc=0.210 (best=0.211)
[20:32:16]   ep35 loss=2.1281 val_acc=0.182 (best=0.211)
[20:32:17]   ep36 loss=2.0493 val_acc=0.186 (best=0.211)
[20:32:18]   ep37 loss=1.9727 val_acc=0.191 (best=0.211)
[20:32:19]   ep38 loss=1.8974 val_acc=0.186 (best=0.211)
[20:32:20]   ep39 loss=1.8139 val_acc=0.187 (best=0.211)
[20:32:20] DONE best_ep=26 val=0.211 | TEST(@best-val)={'accuracy': 0.19923857868020303, 'balanced_accuracy': 0.20158932061385504, 'macro_f1': 0.18938763588025934}
=================== sce | clean | seed=42 ===================
[20:32:23] method=sce setting=clean seed=42 dev=cuda params=0.960M noise_est=0.0
[20:32:25] ★ ep00 loss=6.9074 val_acc=0.155 (best=0.155)
[20:32:26]   ep01 loss=6.5600 val_acc=0.146 (best=0.155)
[20:32:27] ★ ep02 loss=6.4237 val_acc=0.179 (best=0.179)
[20:32:28] ★ ep03 loss=6.3005 val_acc=0.202 (best=0.202)
[20:32:29]   ep04 loss=6.1889 val_acc=0.181 (best=0.202)
[20:32:30]   ep05 loss=6.1289 val_acc=0.190 (best=0.202)
[20:32:31] ★ ep06 loss=6.0040 val_acc=0.205 (best=0.205)
[20:32:32] ★ ep07 loss=5.9314 val_acc=0.212 (best=0.212)
[20:32:33]   ep08 loss=5.8575 val_acc=0.211 (best=0.212)
[20:32:34] ★ ep09 loss=5.7945 val_acc=0.243 (best=0.243)
[20:32:35]   ep10 loss=5.6893 val_acc=0.228 (best=0.243)
[20:32:36]   ep11 loss=5.5908 val_acc=0.214 (best=0.243)
[20:32:37]   ep12 loss=5.4858 val_acc=0.230 (best=0.243)
[20:32:38] ★ ep13 loss=5.4219 val_acc=0.244 (best=0.244)
[20:32:39]   ep14 loss=5.3637 val_acc=0.233 (best=0.244)
[20:32:40] ★ ep15 loss=5.2199 val_acc=0.253 (best=0.253)
[20:32:41]   ep16 loss=5.0695 val_acc=0.246 (best=0.253)
[20:32:42] ★ ep17 loss=4.9938 val_acc=0.262 (best=0.262)
[20:32:43] ★ ep18 loss=4.8231 val_acc=0.267 (best=0.267)
[20:32:44] ★ ep19 loss=4.7569 val_acc=0.286 (best=0.286)
[20:32:45]   ep20 loss=4.6156 val_acc=0.285 (best=0.286)
[20:32:46]   ep21 loss=4.4385 val_acc=0.281 (best=0.286)
[20:32:47] ★ ep22 loss=4.4214 val_acc=0.299 (best=0.299)
[20:32:48] ★ ep23 loss=4.1857 val_acc=0.310 (best=0.310)
[20:32:49] ★ ep24 loss=4.1251 val_acc=0.324 (best=0.324)
[20:32:50]   ep25 loss=3.9642 val_acc=0.299 (best=0.324)
[20:32:51]   ep26 loss=3.8466 val_acc=0.321 (best=0.324)
[20:32:52] ★ ep27 loss=3.7258 val_acc=0.349 (best=0.349)
[20:32:53] ★ ep28 loss=3.5871 val_acc=0.374 (best=0.374)
[20:32:54]   ep29 loss=3.4071 val_acc=0.338 (best=0.374)
[20:32:55] ★ ep30 loss=3.2503 val_acc=0.393 (best=0.393)
[20:32:56]   ep31 loss=3.0506 val_acc=0.307 (best=0.393)
[20:32:57]   ep32 loss=3.0047 val_acc=0.341 (best=0.393)
[20:32:58]   ep33 loss=2.8354 val_acc=0.361 (best=0.393)
[20:32:59]   ep34 loss=2.7557 val_acc=0.378 (best=0.393)
[20:33:00]   ep35 loss=2.5890 val_acc=0.393 (best=0.393)
[20:33:01]   ep36 loss=2.4558 val_acc=0.382 (best=0.393)
[20:33:02] ★ ep37 loss=2.3350 val_acc=0.420 (best=0.420)
[20:33:03]   ep38 loss=2.1357 val_acc=0.383 (best=0.420)
[20:33:04]   ep39 loss=2.0752 val_acc=0.394 (best=0.420)
[20:33:04] DONE best_ep=37 val=0.420 | TEST(@best-val)={'accuracy': 0.39213197969543145, 'balanced_accuracy': 0.3931652469109551, 'macro_f1': 0.38615275655446746}
=================== sce | clean | seed=2024 ===================
[20:33:07] method=sce setting=clean seed=2024 dev=cuda params=0.960M noise_est=0.0
[20:33:10] ★ ep00 loss=6.9089 val_acc=0.160 (best=0.160)
[20:33:11]   ep01 loss=6.5714 val_acc=0.142 (best=0.160)
[20:33:12] ★ ep02 loss=6.4485 val_acc=0.176 (best=0.176)
[20:33:13]   ep03 loss=6.3622 val_acc=0.176 (best=0.176)
[20:33:14] ★ ep04 loss=6.2197 val_acc=0.186 (best=0.186)
[20:33:15]   ep05 loss=6.1265 val_acc=0.186 (best=0.186)
[20:33:16] ★ ep06 loss=6.0533 val_acc=0.207 (best=0.207)
[20:33:17] ★ ep07 loss=5.9467 val_acc=0.211 (best=0.211)
[20:33:18]   ep08 loss=5.8853 val_acc=0.201 (best=0.211)
[20:33:19] ★ ep09 loss=5.8002 val_acc=0.225 (best=0.225)
[20:33:20] ★ ep10 loss=5.6852 val_acc=0.244 (best=0.244)
[20:33:21] ★ ep11 loss=5.6121 val_acc=0.247 (best=0.247)
[20:33:22] ★ ep12 loss=5.4735 val_acc=0.251 (best=0.251)
[20:33:23] ★ ep13 loss=5.3306 val_acc=0.262 (best=0.262)
[20:33:24]   ep14 loss=5.2208 val_acc=0.247 (best=0.262)
[20:33:24] ★ ep15 loss=5.1013 val_acc=0.284 (best=0.284)
[20:33:25] ★ ep16 loss=4.8814 val_acc=0.294 (best=0.294)
[20:33:27] ★ ep17 loss=4.7520 val_acc=0.304 (best=0.304)
[20:33:28]   ep18 loss=4.6342 val_acc=0.295 (best=0.304)
[20:33:28] ★ ep19 loss=4.4809 val_acc=0.314 (best=0.314)
[20:33:29] ★ ep20 loss=4.3979 val_acc=0.349 (best=0.349)
[20:33:30] ★ ep21 loss=4.2263 val_acc=0.363 (best=0.363)
[20:33:31]   ep22 loss=4.0042 val_acc=0.313 (best=0.363)
[20:33:33] ★ ep23 loss=3.8233 val_acc=0.378 (best=0.378)
[20:33:34] ★ ep24 loss=3.7071 val_acc=0.393 (best=0.393)
[20:33:35]   ep25 loss=3.5687 val_acc=0.383 (best=0.393)
[20:33:35]   ep26 loss=3.4195 val_acc=0.379 (best=0.393)
[20:33:36] ★ ep27 loss=3.2529 val_acc=0.403 (best=0.403)
[20:33:37]   ep28 loss=3.0875 val_acc=0.402 (best=0.403)
[20:33:38] ★ ep29 loss=2.8783 val_acc=0.425 (best=0.425)
[20:33:39]   ep30 loss=2.6919 val_acc=0.410 (best=0.425)
[20:33:40] ★ ep31 loss=2.6150 val_acc=0.439 (best=0.439)
[20:33:41]   ep32 loss=2.5058 val_acc=0.413 (best=0.439)
[20:33:42] ★ ep33 loss=2.3446 val_acc=0.462 (best=0.462)
[20:33:43]   ep34 loss=2.2636 val_acc=0.453 (best=0.462)
[20:33:44] ★ ep35 loss=2.0078 val_acc=0.471 (best=0.471)
[20:33:45]   ep36 loss=2.0591 val_acc=0.466 (best=0.471)
[20:33:46]   ep37 loss=1.8285 val_acc=0.450 (best=0.471)
