[19:58:26] setting=noise40 dev=cuda (NVIDIA GeForce RTX 5080)
[19:58:26] params=0.159M train_batches=50
[19:58:28] ★ ep00 tr_loss=3.4548 val_acc=0.111 val_bacc=0.110 (best_va=0.111)
[19:58:28] ★ ep01 tr_loss=3.3687 val_acc=0.135 val_bacc=0.135 (best_va=0.135)
[19:58:28] ★ ep02 tr_loss=3.3347 val_acc=0.141 val_bacc=0.147 (best_va=0.141)
[19:58:29] ★ ep03 tr_loss=3.3031 val_acc=0.159 val_bacc=0.159 (best_va=0.159)
[19:58:29]   ep04 tr_loss=3.2941 val_acc=0.154 val_bacc=0.155 (best_va=0.159)
[19:58:29] ★ ep05 tr_loss=3.2684 val_acc=0.172 val_bacc=0.168 (best_va=0.172)
[19:58:29]   ep06 tr_loss=3.2492 val_acc=0.151 val_bacc=0.151 (best_va=0.172)
[19:58:30] ★ ep07 tr_loss=3.2202 val_acc=0.176 val_bacc=0.174 (best_va=0.176)
[19:58:30] ★ ep08 tr_loss=3.2056 val_acc=0.188 val_bacc=0.195 (best_va=0.188)
[19:58:30] ★ ep09 tr_loss=3.1992 val_acc=0.192 val_bacc=0.194 (best_va=0.192)
[19:58:30] ★ ep10 tr_loss=3.1759 val_acc=0.195 val_bacc=0.195 (best_va=0.195)
[19:58:31]   ep11 tr_loss=3.1520 val_acc=0.187 val_bacc=0.185 (best_va=0.195)
[19:58:31]   ep12 tr_loss=3.1384 val_acc=0.193 val_bacc=0.196 (best_va=0.195)
[19:58:31] ★ ep13 tr_loss=3.1192 val_acc=0.211 val_bacc=0.212 (best_va=0.211)
[19:58:31] ★ ep14 tr_loss=3.0974 val_acc=0.215 val_bacc=0.214 (best_va=0.215)
[19:58:32] ★ ep15 tr_loss=3.0806 val_acc=0.219 val_bacc=0.216 (best_va=0.219)
[19:58:32] ★ ep16 tr_loss=3.0696 val_acc=0.228 val_bacc=0.231 (best_va=0.228)
[19:58:32] ★ ep17 tr_loss=3.0504 val_acc=0.230 val_bacc=0.230 (best_va=0.230)
[19:58:32] ★ ep18 tr_loss=3.0165 val_acc=0.253 val_bacc=0.254 (best_va=0.253)
[19:58:33]   ep19 tr_loss=2.9993 val_acc=0.223 val_bacc=0.225 (best_va=0.253)
[19:58:33]   ep20 tr_loss=2.9959 val_acc=0.228 val_bacc=0.229 (best_va=0.253)
[19:58:33]   ep21 tr_loss=2.9734 val_acc=0.237 val_bacc=0.234 (best_va=0.253)
[19:58:33]   ep22 tr_loss=2.9512 val_acc=0.242 val_bacc=0.240 (best_va=0.253)
[19:58:34]   ep23 tr_loss=2.9389 val_acc=0.243 val_bacc=0.243 (best_va=0.253)
[19:58:34]   ep24 tr_loss=2.9138 val_acc=0.237 val_bacc=0.235 (best_va=0.253)
[19:58:34]   ep25 tr_loss=2.8854 val_acc=0.240 val_bacc=0.239 (best_va=0.253)
[19:58:34]   ep26 tr_loss=2.8601 val_acc=0.239 val_bacc=0.233 (best_va=0.253)
[19:58:35]   ep27 tr_loss=2.8290 val_acc=0.253 val_bacc=0.253 (best_va=0.253)
[19:58:35]   ep28 tr_loss=2.8144 val_acc=0.238 val_bacc=0.232 (best_va=0.253)
[19:58:35]   ep29 tr_loss=2.7967 val_acc=0.253 val_bacc=0.250 (best_va=0.253)
[19:58:35] DONE best_ep=18 best_val_acc=0.253 | TEST(@best-val)={'accuracy': 0.2068527918781726, 'balanced_accuracy': 0.21426103845252636, 'macro_f1': 0.2010944036015458}
