[19:58:14] setting=noise20 dev=cuda (NVIDIA GeForce RTX 5080)
[19:58:14] params=0.159M train_batches=50
[19:58:16] ★ ep00 tr_loss=3.3409 val_acc=0.122 val_bacc=0.121 (best_va=0.122)
[19:58:16] ★ ep01 tr_loss=3.2085 val_acc=0.163 val_bacc=0.166 (best_va=0.163)
[19:58:16] ★ ep02 tr_loss=3.1474 val_acc=0.173 val_bacc=0.178 (best_va=0.173)
[19:58:17]   ep03 tr_loss=3.0963 val_acc=0.170 val_bacc=0.173 (best_va=0.173)
[19:58:17] ★ ep04 tr_loss=3.0811 val_acc=0.191 val_bacc=0.193 (best_va=0.191)
[19:58:17]   ep05 tr_loss=3.0445 val_acc=0.183 val_bacc=0.181 (best_va=0.191)
[19:58:17]   ep06 tr_loss=3.0162 val_acc=0.168 val_bacc=0.167 (best_va=0.191)
[19:58:17] ★ ep07 tr_loss=2.9812 val_acc=0.214 val_bacc=0.210 (best_va=0.214)
[19:58:18]   ep08 tr_loss=2.9476 val_acc=0.200 val_bacc=0.205 (best_va=0.214)
[19:58:18] ★ ep09 tr_loss=2.9355 val_acc=0.233 val_bacc=0.240 (best_va=0.233)
[19:58:18]   ep10 tr_loss=2.8908 val_acc=0.223 val_bacc=0.226 (best_va=0.233)
[19:58:19]   ep11 tr_loss=2.8717 val_acc=0.228 val_bacc=0.228 (best_va=0.233)
[19:58:19] ★ ep12 tr_loss=2.8405 val_acc=0.239 val_bacc=0.246 (best_va=0.239)
[19:58:19]   ep13 tr_loss=2.8145 val_acc=0.237 val_bacc=0.242 (best_va=0.239)
[19:58:19] ★ ep14 tr_loss=2.7790 val_acc=0.270 val_bacc=0.272 (best_va=0.270)
[19:58:19]   ep15 tr_loss=2.7466 val_acc=0.253 val_bacc=0.258 (best_va=0.270)
[19:58:20] ★ ep16 tr_loss=2.7202 val_acc=0.282 val_bacc=0.291 (best_va=0.282)
[19:58:20] ★ ep17 tr_loss=2.7004 val_acc=0.293 val_bacc=0.295 (best_va=0.293)
[19:58:20] ★ ep18 tr_loss=2.6523 val_acc=0.295 val_bacc=0.300 (best_va=0.295)
[19:58:21]   ep19 tr_loss=2.6240 val_acc=0.293 val_bacc=0.292 (best_va=0.295)
[19:58:21]   ep20 tr_loss=2.5997 val_acc=0.268 val_bacc=0.273 (best_va=0.295)
[19:58:21] ★ ep21 tr_loss=2.5857 val_acc=0.302 val_bacc=0.298 (best_va=0.302)
[19:58:21]   ep22 tr_loss=2.5384 val_acc=0.282 val_bacc=0.283 (best_va=0.302)
[19:58:22] ★ ep23 tr_loss=2.5206 val_acc=0.307 val_bacc=0.311 (best_va=0.307)
[19:58:22]   ep24 tr_loss=2.4908 val_acc=0.305 val_bacc=0.308 (best_va=0.307)
[19:58:22] ★ ep25 tr_loss=2.4418 val_acc=0.333 val_bacc=0.328 (best_va=0.333)
[19:58:22]   ep26 tr_loss=2.4189 val_acc=0.307 val_bacc=0.305 (best_va=0.333)
[19:58:23] ★ ep27 tr_loss=2.3736 val_acc=0.337 val_bacc=0.334 (best_va=0.337)
[19:58:23] ★ ep28 tr_loss=2.3442 val_acc=0.349 val_bacc=0.347 (best_va=0.349)
[19:58:23]   ep29 tr_loss=2.3271 val_acc=0.321 val_bacc=0.316 (best_va=0.349)
[19:58:23] DONE best_ep=28 best_val_acc=0.349 | TEST(@best-val)={'accuracy': 0.3477157360406091, 'balanced_accuracy': 0.35313127651398657, 'macro_f1': 0.33967218154831036}
