[20:00:56] setting=noise20 dev=cuda warmup=10 lam_cons=0.5 noise_std=0.1 w_floor=0.1
[20:00:58] ★ ep00[warmup] loss=3.3409 val_acc=0.123 val_bacc=0.122 mean_w=1.000 (best=0.123)
[20:00:58] ★ ep01[warmup] loss=3.2085 val_acc=0.160 val_bacc=0.164 mean_w=1.000 (best=0.160)
[20:00:58] ★ ep02[warmup] loss=3.1475 val_acc=0.176 val_bacc=0.181 mean_w=1.000 (best=0.176)
[20:00:58]   ep03[warmup] loss=3.0962 val_acc=0.174 val_bacc=0.178 mean_w=1.000 (best=0.176)
[20:00:59] ★ ep04[warmup] loss=3.0807 val_acc=0.191 val_bacc=0.194 mean_w=1.000 (best=0.191)
[20:00:59]   ep05[warmup] loss=3.0443 val_acc=0.188 val_bacc=0.186 mean_w=1.000 (best=0.191)
[20:00:59]   ep06[warmup] loss=3.0159 val_acc=0.165 val_bacc=0.165 mean_w=1.000 (best=0.191)
[20:01:00] ★ ep07[warmup] loss=2.9809 val_acc=0.218 val_bacc=0.214 mean_w=1.000 (best=0.218)
[20:01:00]   ep08[warmup] loss=2.9476 val_acc=0.201 val_bacc=0.207 mean_w=1.000 (best=0.218)
[20:01:00] ★ ep09[warmup] loss=2.9353 val_acc=0.233 val_bacc=0.240 mean_w=1.000 (best=0.233)
[20:01:01]   ep10[robust] loss=1.5228 val_acc=0.233 val_bacc=0.238 mean_w=0.577 (best=0.233)
[20:01:01]   ep11[robust] loss=1.5359 val_acc=0.219 val_bacc=0.220 mean_w=0.595 (best=0.233)
[20:01:01] ★ ep12[robust] loss=1.5502 val_acc=0.252 val_bacc=0.258 mean_w=0.604 (best=0.252)
[20:01:02]   ep13[robust] loss=1.5866 val_acc=0.230 val_bacc=0.235 mean_w=0.618 (best=0.252)
[20:01:02]   ep14[robust] loss=1.5909 val_acc=0.234 val_bacc=0.235 mean_w=0.628 (best=0.252)
[20:01:03] ★ ep15[robust] loss=1.6040 val_acc=0.262 val_bacc=0.265 mean_w=0.638 (best=0.262)
[20:01:03]   ep16[robust] loss=1.6029 val_acc=0.252 val_bacc=0.260 mean_w=0.645 (best=0.262)
[20:01:03] ★ ep17[robust] loss=1.6277 val_acc=0.272 val_bacc=0.275 mean_w=0.656 (best=0.272)
[20:01:04]   ep18[robust] loss=1.5773 val_acc=0.270 val_bacc=0.268 mean_w=0.650 (best=0.272)
[20:01:04] ★ ep19[robust] loss=1.6240 val_acc=0.281 val_bacc=0.281 mean_w=0.669 (best=0.281)
[20:01:05]   ep20[robust] loss=1.6267 val_acc=0.277 val_bacc=0.283 mean_w=0.677 (best=0.281)
[20:01:05] ★ ep21[robust] loss=1.5880 val_acc=0.307 val_bacc=0.307 mean_w=0.667 (best=0.307)
[20:01:06]   ep22[robust] loss=1.6102 val_acc=0.286 val_bacc=0.287 mean_w=0.685 (best=0.307)
[20:01:06]   ep23[robust] loss=1.5972 val_acc=0.295 val_bacc=0.299 mean_w=0.685 (best=0.307)
[20:01:06]   ep24[robust] loss=1.5859 val_acc=0.277 val_bacc=0.278 mean_w=0.691 (best=0.307)
[20:01:07] ★ ep25[robust] loss=1.5631 val_acc=0.331 val_bacc=0.326 mean_w=0.696 (best=0.331)
[20:01:07]   ep26[robust] loss=1.6030 val_acc=0.302 val_bacc=0.301 mean_w=0.709 (best=0.331)
[20:01:08]   ep27[robust] loss=1.5764 val_acc=0.330 val_bacc=0.328 mean_w=0.712 (best=0.331)
[20:01:08]   ep28[robust] loss=1.5787 val_acc=0.322 val_bacc=0.317 mean_w=0.717 (best=0.331)
[20:01:08]   ep29[robust] loss=1.5586 val_acc=0.330 val_bacc=0.328 mean_w=0.723 (best=0.331)
[20:01:08] DONE best_ep=25 best_val_acc=0.331 | TEST(@best-val)={'accuracy': 0.3210659898477157, 'balanced_accuracy': 0.3265067366641454, 'macro_f1': 0.3108131745357614}
