[20:01:12] setting=noise40 dev=cuda warmup=10 lam_cons=0.5 noise_std=0.1 w_floor=0.1
[20:01:13] ★ ep00[warmup] loss=3.4547 val_acc=0.112 val_bacc=0.111 mean_w=1.000 (best=0.112)
[20:01:14] ★ ep01[warmup] loss=3.3686 val_acc=0.135 val_bacc=0.137 mean_w=1.000 (best=0.135)
[20:01:14] ★ ep02[warmup] loss=3.3346 val_acc=0.141 val_bacc=0.145 mean_w=1.000 (best=0.141)
[20:01:14] ★ ep03[warmup] loss=3.3032 val_acc=0.153 val_bacc=0.153 mean_w=1.000 (best=0.153)
[20:01:14] ★ ep04[warmup] loss=3.2944 val_acc=0.159 val_bacc=0.159 mean_w=1.000 (best=0.159)
[20:01:15] ★ ep05[warmup] loss=3.2683 val_acc=0.167 val_bacc=0.163 mean_w=1.000 (best=0.167)
[20:01:15]   ep06[warmup] loss=3.2489 val_acc=0.153 val_bacc=0.153 mean_w=1.000 (best=0.167)
[20:01:15] ★ ep07[warmup] loss=3.2203 val_acc=0.176 val_bacc=0.174 mean_w=1.000 (best=0.176)
[20:01:15] ★ ep08[warmup] loss=3.2060 val_acc=0.190 val_bacc=0.196 mean_w=1.000 (best=0.190)
[20:01:15]   ep09[warmup] loss=3.1992 val_acc=0.187 val_bacc=0.189 mean_w=1.000 (best=0.190)
[20:01:16] ★ ep10[robust] loss=1.4181 val_acc=0.198 val_bacc=0.198 mean_w=0.487 (best=0.198)
[20:01:16]   ep11[robust] loss=1.4902 val_acc=0.190 val_bacc=0.191 mean_w=0.518 (best=0.198)
[20:01:17]   ep12[robust] loss=1.5464 val_acc=0.178 val_bacc=0.182 mean_w=0.539 (best=0.198)
[20:01:17]   ep13[robust] loss=1.5451 val_acc=0.191 val_bacc=0.193 mean_w=0.540 (best=0.198)
[20:01:18] ★ ep14[robust] loss=1.5909 val_acc=0.205 val_bacc=0.206 mean_w=0.555 (best=0.205)
[20:01:18] ★ ep15[robust] loss=1.5684 val_acc=0.212 val_bacc=0.209 mean_w=0.554 (best=0.212)
[20:01:18] ★ ep16[robust] loss=1.5897 val_acc=0.224 val_bacc=0.227 mean_w=0.564 (best=0.224)
[20:01:19] ★ ep17[robust] loss=1.6327 val_acc=0.228 val_bacc=0.223 mean_w=0.578 (best=0.228)
[20:01:19]   ep18[robust] loss=1.5923 val_acc=0.228 val_bacc=0.227 mean_w=0.573 (best=0.228)
[20:01:20]   ep19[robust] loss=1.6446 val_acc=0.220 val_bacc=0.221 mean_w=0.589 (best=0.228)
[20:01:20]   ep20[robust] loss=1.6560 val_acc=0.214 val_bacc=0.216 mean_w=0.593 (best=0.228)
[20:01:20] ★ ep21[robust] loss=1.6347 val_acc=0.246 val_bacc=0.245 mean_w=0.592 (best=0.246)
[20:01:21] ★ ep22[robust] loss=1.6614 val_acc=0.247 val_bacc=0.244 mean_w=0.602 (best=0.247)
[20:01:21]   ep23[robust] loss=1.6360 val_acc=0.235 val_bacc=0.237 mean_w=0.601 (best=0.247)
[20:01:22]   ep24[robust] loss=1.6402 val_acc=0.230 val_bacc=0.231 mean_w=0.605 (best=0.247)
[20:01:22]   ep25[robust] loss=1.6002 val_acc=0.225 val_bacc=0.227 mean_w=0.600 (best=0.247)
[20:01:22] ★ ep26[robust] loss=1.6494 val_acc=0.257 val_bacc=0.254 mean_w=0.615 (best=0.257)
[20:01:23]   ep27[robust] loss=1.6331 val_acc=0.254 val_bacc=0.254 mean_w=0.618 (best=0.257)
[20:01:23]   ep28[robust] loss=1.6779 val_acc=0.251 val_bacc=0.245 mean_w=0.631 (best=0.257)
[20:01:24]   ep29[robust] loss=1.6506 val_acc=0.243 val_bacc=0.242 mean_w=0.631 (best=0.257)
[20:01:24] DONE best_ep=26 best_val_acc=0.257 | TEST(@best-val)={'accuracy': 0.21573604060913706, 'balanced_accuracy': 0.22816433142742754, 'macro_f1': 0.20945781568205332}
