[19:58:02] setting=clean dev=cuda (NVIDIA GeForce RTX 5080)
[19:58:02] params=0.159M train_batches=50
[19:58:03] ★ ep00 tr_loss=3.2015 val_acc=0.136 val_bacc=0.136 (best_va=0.136)
[19:58:04] ★ ep01 tr_loss=2.9795 val_acc=0.178 val_bacc=0.186 (best_va=0.178)
[19:58:04]   ep02 tr_loss=2.8839 val_acc=0.173 val_bacc=0.174 (best_va=0.178)
[19:58:04] ★ ep03 tr_loss=2.7993 val_acc=0.204 val_bacc=0.204 (best_va=0.204)
[19:58:05]   ep04 tr_loss=2.7610 val_acc=0.204 val_bacc=0.208 (best_va=0.204)
[19:58:05] ★ ep05 tr_loss=2.7106 val_acc=0.221 val_bacc=0.221 (best_va=0.221)
[19:58:05]   ep06 tr_loss=2.6298 val_acc=0.201 val_bacc=0.206 (best_va=0.221)
[19:58:05] ★ ep07 tr_loss=2.5954 val_acc=0.246 val_bacc=0.248 (best_va=0.246)
[19:58:06] ★ ep08 tr_loss=2.5227 val_acc=0.248 val_bacc=0.251 (best_va=0.248)
[19:58:06]   ep09 tr_loss=2.4673 val_acc=0.244 val_bacc=0.250 (best_va=0.248)
[19:58:06] ★ ep10 tr_loss=2.4003 val_acc=0.268 val_bacc=0.270 (best_va=0.268)
[19:58:06]   ep11 tr_loss=2.3684 val_acc=0.257 val_bacc=0.257 (best_va=0.268)
[19:58:07] ★ ep12 tr_loss=2.2897 val_acc=0.290 val_bacc=0.294 (best_va=0.290)
[19:58:07] ★ ep13 tr_loss=2.2369 val_acc=0.293 val_bacc=0.301 (best_va=0.293)
[19:58:07] ★ ep14 tr_loss=2.1697 val_acc=0.300 val_bacc=0.301 (best_va=0.300)
[19:58:07] ★ ep15 tr_loss=2.1272 val_acc=0.340 val_bacc=0.342 (best_va=0.340)
[19:58:08]   ep16 tr_loss=2.0459 val_acc=0.323 val_bacc=0.333 (best_va=0.340)
[19:58:08] ★ ep17 tr_loss=2.0087 val_acc=0.344 val_bacc=0.343 (best_va=0.344)
[19:58:08] ★ ep18 tr_loss=1.9470 val_acc=0.355 val_bacc=0.354 (best_va=0.355)
[19:58:08] ★ ep19 tr_loss=1.9028 val_acc=0.374 val_bacc=0.373 (best_va=0.374)
[19:58:09]   ep20 tr_loss=1.8484 val_acc=0.370 val_bacc=0.372 (best_va=0.374)
[19:58:09] ★ ep21 tr_loss=1.7944 val_acc=0.391 val_bacc=0.392 (best_va=0.391)
[19:58:09] ★ ep22 tr_loss=1.7299 val_acc=0.393 val_bacc=0.399 (best_va=0.393)
[19:58:09] ★ ep23 tr_loss=1.6953 val_acc=0.415 val_bacc=0.414 (best_va=0.415)
[19:58:10]   ep24 tr_loss=1.6666 val_acc=0.396 val_bacc=0.394 (best_va=0.415)
[19:58:10] ★ ep25 tr_loss=1.5925 val_acc=0.420 val_bacc=0.418 (best_va=0.420)
[19:58:10] ★ ep26 tr_loss=1.5531 val_acc=0.426 val_bacc=0.423 (best_va=0.426)
[19:58:10]   ep27 tr_loss=1.4764 val_acc=0.412 val_bacc=0.415 (best_va=0.426)
[19:58:11] ★ ep28 tr_loss=1.4569 val_acc=0.452 val_bacc=0.457 (best_va=0.452)
[19:58:11]   ep29 tr_loss=1.4279 val_acc=0.448 val_bacc=0.446 (best_va=0.452)
[19:58:11] DONE best_ep=28 best_val_acc=0.452 | TEST(@best-val)={'accuracy': 0.47715736040609136, 'balanced_accuracy': 0.4755733821765066, 'macro_f1': 0.47533540359124893}
